#
# An unexpected error has been detected by Java Runtime Environment:
#
#  Internal Error (455843455054494F4E530E4350500134), pid=6236, tid=5500
#
# Java VM: Java HotSpot(TM) Client VM (1.6.0-b105 mixed mode, sharing)
# If you would like to submit a bug report, please visit:
#   http://java.sun.com/webapps/bugreport/crash.jsp
#

---------------  T H R E A D  ---------------

Current thread (0x007fa000):  JavaThread "main" [_thread_in_vm, id=5500]

Stack: [0x025b0000,0x029b0000)
[error occurred during error reporting, step 110, id 0xc0000005]

Java frames: (J=compiled Java code, j=interpreted, Vv=VM code)
j  java.lang.ClassLoader.retrieveDirectives()Ljava/lang/AssertionStatusDirectives;+0
j  java.lang.ClassLoader.initializeJavaAssertionMaps()V+22
j  java.lang.ClassLoader.setPackageAssertionStatus(Ljava/lang/String;Z)V+8
j  com.sun.tools.javac.Main.<clinit>()V+15
v  ~StubRoutines::call_stub

---------------  P R O C E S S  ---------------

Java Threads: ( => current thread )
  0x002fac00 JavaThread "Low Memory Detector" daemon [_thread_blocked, id=6432]
  0x002f5800 JavaThread "CompilerThread0" daemon [_thread_blocked, id=5684]
  0x002f4800 JavaThread "Attach Listener" daemon [_thread_blocked, id=6516]
  0x002f4000 JavaThread "Signal Dispatcher" daemon [_thread_blocked, id=6332]
  0x002ed400 JavaThread "Finalizer" daemon [_thread_blocked, id=7904]
  0x002e4800 JavaThread "Reference Handler" daemon [_thread_blocked, id=6424]
=>0x007fa000 JavaThread "main" [_thread_in_vm, id=5500]

Other Threads:
  0x002db800 VMThread [id=6924]
  0x002fc000 WatcherThread [id=6692]

VM state:not at safepoint (normal execution)

VM Mutex/Monitor currently owned by a thread: None

Heap
 def new generation   total 960K, used 274K [0x24600000, 0x24700000, 0x24ae0000)
  eden space 896K,  30% used [0x24600000, 0x246448e0, 0x246e0000)
  from space 64K,   0% used [0x246e0000, 0x246e0000, 0x246f0000)
  to   space 64K,   0% used [0x246f0000, 0x246f0000, 0x24700000)
 tenured generation   total 7168K, used 0K [0x24ae0000, 0x251e0000, 0x28600000)
   the space 7168K,   0% used [0x24ae0000, 0x24ae0000, 0x24ae0200, 0x251e0000)
 compacting perm gen  total 12288K, used 20K [0x28600000, 0x29200000, 0x2c600000)
   the space 12288K,   0% used [0x28600000, 0x28605378, 0x28605400, 0x29200000)
    ro space 8192K,  66% used [0x2c600000, 0x2cb49920, 0x2cb49a00, 0x2ce00000)
    rw space 12288K,  52% used [0x2ce00000, 0x2d446130, 0x2d446200, 0x2da00000)

Dynamic libraries:
0x00400000 - 0x0040a000 	C:\Program Files (x86)\Java\jdk1.6.0\bin\javac.exe
0x77940000 - 0x77ac0000 	C:\windows\SysWOW64\ntdll.dll
0x76040000 - 0x76150000 	C:\windows\syswow64\kernel32.dll
0x76ea0000 - 0x76ee6000 	C:\windows\syswow64\KERNELBASE.dll
0x6d010000 - 0x6d025000 	C:\Program Files (x86)\Java\jdk1.6.0\bin\jli.dll
0x76b70000 - 0x76c10000 	C:\windows\syswow64\ADVAPI32.dll
0x766e0000 - 0x7678c000 	C:\windows\syswow64\msvcrt.dll
0x76550000 - 0x76569000 	C:\windows\SysWOW64\sechost.dll
0x76c10000 - 0x76d00000 	C:\windows\syswow64\RPCRT4.dll
0x75020000 - 0x75080000 	C:\windows\syswow64\SspiCli.dll
0x75010000 - 0x7501c000 	C:\windows\syswow64\CRYPTBASE.dll
0x7c340000 - 0x7c396000 	C:\Program Files (x86)\Java\jdk1.6.0\bin\MSVCR71.dll
0x001d0000 - 0x00226000 	C:\Program Files (x86)\Java\jdk1.6.0\jre\bin\msvcr71.dll
0x6d7c0000 - 0x6da07000 	C:\Program Files (x86)\Java\jdk1.6.0\jre\bin\client\jvm.dll
0x76f80000 - 0x77080000 	C:\windows\syswow64\USER32.dll
0x76db0000 - 0x76e40000 	C:\windows\syswow64\GDI32.dll
0x76590000 - 0x7659a000 	C:\windows\syswow64\LPK.dll
0x765a0000 - 0x7663d000 	C:\windows\syswow64\USP10.dll
0x71e70000 - 0x71ea2000 	C:\windows\system32\WINMM.dll
0x76e40000 - 0x76ea0000 	C:\windows\system32\IMM32.DLL
0x762f0000 - 0x763bc000 	C:\windows\syswow64\MSCTF.dll
0x71eb0000 - 0x71efc000 	C:\windows\system32\apphelp.dll
0x6d310000 - 0x6d318000 	C:\Program Files (x86)\Java\jdk1.6.0\jre\bin\hpi.dll
0x77910000 - 0x77915000 	C:\windows\syswow64\PSAPI.DLL
0x6d770000 - 0x6d77c000 	C:\Program Files (x86)\Java\jdk1.6.0\jre\bin\verify.dll
0x6d3b0000 - 0x6d3cf000 	C:\Program Files (x86)\Java\jdk1.6.0\jre\bin\java.dll
0x6d7b0000 - 0x6d7bf000 	C:\Program Files (x86)\Java\jdk1.6.0\jre\bin\zip.dll

VM Arguments:
jvm_args: -Dapplication.home=C:\Program Files (x86)\Java\jdk1.6.0 -Xms8m -Xss4m -ea:com.sun.tools...
java_command: com.sun.tools.javac.Main -d C:\Users\Marito\Documents\NetBeansProjects\trunk\Babels\build\classes -classpath C:\Users\Marito\Documents\NetBeansProjects\trunk\Babels\build\classes;C:\Users\Marito\Documents\NetBeansProjects\trunk\BabelsLib\dist\BabelsLib.jar;C:\Program Files\NetBeans 7.1.2\ide\modules\ext\mysql-connector-java-5.1.13-bin.jar;C:\Users\Marito\Documents\NetBeansProjects\trunk\Babels\Requirements\edisoncorSX.jar;C:\Users\Marito\Documents\NetBeansProjects\trunk\Babels\Requirements\synthetica.jar;C:\Users\Marito\Documents\NetBeansProjects\trunk\Babels\Requirements\syntheticaBlackMoon.jar;C:\Users\Marito\Documents\NetBeansProjects\trunk\Babels\Requirements\swingx-2007_10_07.jar;C:\Users\Marito\Documents\NetBeansProjects\trunk\Babels\Requirements\jcalendar-1.3.3.jar -sourcepath C:\Users\Marito\Documents\NetBeansProjects\trunk\Babels\build\empty -target 1.6 -encoding UTF-8 -g -processorpath C:\Users\Marito\Documents\NetBeansProjects\trunk\BabelsLib\dist\BabelsLib.jar;C:\Program Files\NetBeans 7.1.2\ide\modules\ext\mysql-connector-java-5.1.13-bin.jar;C:\Users\Marito\Documents\NetBeansProjects\trunk\Babels\Requirements\edisoncorSX.jar;C:\Users\Marito\Documents\NetBeansProjects\trunk\Babels\Requirements\synthetica.jar;C:\Users\Marito\Documents\NetBeansProjects\trunk\Babels\Requirements\syntheticaBlackMoon.jar;C:\Users\Marito\Documents\NetBeansProjects\trunk\Babels\Requirements\swingx-2007_10_07.jar;C:\Users\Marito\Documents\NetBeansProjects\trunk\Babels\Requirements\jcalendar-1.3.3.jar;C:\Users\Marito\Documents\NetBeansProjects\trunk\Babels\build\empty -s C:\Users\Marito\Documents\NetBeansProjects\trunk\Babels\build\generated-sources\ap-source-output -source 1.6 C:\Users\Marito\Documents\NetBeansProjects\trunk\Babels\src\babelsRenderers\TableRendererFTextField.java
Launcher Type: SUN_STANDARD

Environment Variables:
PATH=C:\Program Files\Common Files\Microsoft Shared\Windows Live;C:\Program Files (x86)\Common Files\Microsoft Shared\Windows Live;C:\windows\system32;C:\windows;C:\windows\System32\Wbem;C:\windows\System32\WindowsPowerShell\v1.0\;C:\Program Files (x86)\Windows Live\Shared
USERNAME=Marito
OS=Windows_NT
PROCESSOR_IDENTIFIER=Intel64 Family 6 Model 23 Stepping 10, GenuineIntel



---------------  S Y S T E M  ---------------

OS: Windows NT 6.1 Build 7601 Service Pack 1

CPU:total 2 family 6, cmov, cx8, fxsr, mmx, sse, sse2

Memory: 4k page, physical 4158644k(1411996k free), swap 4194303k(4194303k free)

vm_info: Java HotSpot(TM) Client VM (1.6.0-b105) for windows-x86, built on Nov 29 2006 00:48:48 by "java_re" with unknown MS VC++:1310

