#
# An unexpected error has been detected by Java Runtime Environment:
#
#  EXCEPTION_ACCESS_VIOLATION (0xc0000005) at pc=0x7500012f, pid=8244, tid=8752
#
# Java VM: Java HotSpot(TM) Client VM (1.6.0-b105 mixed mode, sharing)
# Problematic frame:
# C  [USER32.dll+0x2012f]
#
# If you would like to submit a bug report, please visit:
#   http://java.sun.com/webapps/bugreport/crash.jsp
#

---------------  T H R E A D  ---------------

Current thread (0x04d18000):  JavaThread "AWT-EventQueue-0" [_thread_in_native, id=8752]

siginfo: ExceptionCode=0xc0000005, writing address 0x000002c5

Registers:
EAX=0x04e38a20, EBX=0x26ced3fc, ECX=0x00020c86, EDX=0x00000004
ESP=0x0591e810, EBP=0x0591ecf0, ESI=0x00000556, EDI=0x000002c5
EIP=0x7500012f, EFLAGS=0x00010202

Top of Stack: (sp=0x0591e810)
0x0591e810:   6d0e6ee2 00020c86 04d18000 00000000
0x0591e820:   00000000 01000138 64013032 04e38a20
0x0591e830:   3e1f4800 04a6b190 00000000 0000003b
0x0591e840:   00000556 00000300 00000000 0000003b
0x0591e850:   00000556 00000300 26c9e8b4 00000000
0x0591e860:   00000004 00001558 00000000 00000000
0x0591e870:   00000000 00000000 00000000 00000000
0x0591e880:   2d3e25b0 00000001 26c9e8b4 00000000 

Instructions: (pc=0x7500012f)
0x7500011f:   51 51 ff 75 08 8d 45 f8 50 ff 15 60 00 ff 74 84
0x7500012f:   c0 0f 84 20 38 02 00 56 ff 75 14 8d 45 f8 ff 75 


Stack: [0x058d0000,0x05920000),  sp=0x0591e810,  free space=314k
Native frames: (J=compiled Java code, j=interpreted, Vv=VM code, C=native code)
C  [USER32.dll+0x2012f]
J  sun.java2d.windows.GDIBlitLoops.nativeBlit(Lsun/java2d/SurfaceData;Lsun/java2d/SurfaceData;Lsun/java2d/pipe/Region;IIIIIIIIIZ)V
J  sun.java2d.windows.GDIBlitLoops.Blit(Lsun/java2d/SurfaceData;Lsun/java2d/SurfaceData;Ljava/awt/Composite;Lsun/java2d/pipe/Region;IIIIII)V
J  sun.java2d.pipe.DrawImage.blitSurfaceData(Lsun/java2d/SunGraphics2D;Lsun/java2d/pipe/Region;Lsun/java2d/SurfaceData;Lsun/java2d/SurfaceData;Lsun/java2d/loops/SurfaceType;Lsun/java2d/loops/SurfaceType;IIIIIILjava/awt/Color;)V
J  sun.java2d.pipe.DrawImage.renderImageCopy(Lsun/java2d/SunGraphics2D;Ljava/awt/Image;Ljava/awt/Color;IIIIII)Z
J  sun.java2d.pipe.DrawImage.copyImage(Lsun/java2d/SunGraphics2D;Ljava/awt/Image;IIIIIILjava/awt/Color;)Z
J  sun.java2d.pipe.DrawImage.copyImage(Lsun/java2d/SunGraphics2D;Ljava/awt/Image;IIIIIILjava/awt/Color;Ljava/awt/image/ImageObserver;)Z
J  sun.java2d.pipe.ValidatePipe.copyImage(Lsun/java2d/SunGraphics2D;Ljava/awt/Image;IIIIIILjava/awt/Color;Ljava/awt/image/ImageObserver;)Z
J  sun.java2d.SunGraphics2D.copyImage(Ljava/awt/Image;IIIIIILjava/awt/Color;Ljava/awt/image/ImageObserver;)Z
J  sun.java2d.SunGraphics2D.drawImage(Ljava/awt/Image;IIIIIIIILjava/awt/Color;Ljava/awt/image/ImageObserver;)Z
J  sun.java2d.SunGraphics2D.drawImage(Ljava/awt/Image;IIIIIIIILjava/awt/image/ImageObserver;)Z
J  java.awt.Component$BltBufferStrategy.showSubRegion(IIII)V
J  javax.swing.BufferStrategyPaintManager.flushAccumulatedRegion()Z
J  javax.swing.BufferStrategyPaintManager.endPaint()V
J  javax.swing.RepaintManager.endPaint()V
J  javax.swing.JComponent._paintImmediately(IIII)V
J  javax.swing.JComponent.paintImmediately(IIII)V
J  javax.swing.RepaintManager.paintDirtyRegions(Ljava/util/Map;)V
J  javax.swing.RepaintManager.paintDirtyRegions()V
J  javax.swing.RepaintManager.seqPaintDirtyRegions()V
J  javax.swing.SystemEventQueueUtilities$ComponentWorkRequest.run()V
J  java.awt.event.InvocationEvent.dispatch()V
J  java.awt.EventQueue.dispatchEvent(Ljava/awt/AWTEvent;)V
J  java.awt.EventDispatchThread.pumpOneEventForFilters(I)Z
J  java.awt.EventDispatchThread.pumpEventsForFilter(ILjava/awt/Conditional;Ljava/awt/EventFilter;)V
j  java.awt.EventDispatchThread.pumpEventsForFilter(Ljava/awt/Conditional;Ljava/awt/EventFilter;)V+4
j  java.awt.Dialog$1.run()V+23
j  java.awt.Dialog$3.run()Ljava/lang/Object;+4
v  ~StubRoutines::call_stub

Java frames: (J=compiled Java code, j=interpreted, Vv=VM code)
J  sun.java2d.windows.GDIBlitLoops.nativeBlit(Lsun/java2d/SurfaceData;Lsun/java2d/SurfaceData;Lsun/java2d/pipe/Region;IIIIIIIIIZ)V
J  sun.java2d.windows.GDIBlitLoops.Blit(Lsun/java2d/SurfaceData;Lsun/java2d/SurfaceData;Ljava/awt/Composite;Lsun/java2d/pipe/Region;IIIIII)V
J  sun.java2d.pipe.DrawImage.blitSurfaceData(Lsun/java2d/SunGraphics2D;Lsun/java2d/pipe/Region;Lsun/java2d/SurfaceData;Lsun/java2d/SurfaceData;Lsun/java2d/loops/SurfaceType;Lsun/java2d/loops/SurfaceType;IIIIIILjava/awt/Color;)V
J  sun.java2d.pipe.DrawImage.renderImageCopy(Lsun/java2d/SunGraphics2D;Ljava/awt/Image;Ljava/awt/Color;IIIIII)Z
J  sun.java2d.pipe.DrawImage.copyImage(Lsun/java2d/SunGraphics2D;Ljava/awt/Image;IIIIIILjava/awt/Color;)Z
J  sun.java2d.pipe.DrawImage.copyImage(Lsun/java2d/SunGraphics2D;Ljava/awt/Image;IIIIIILjava/awt/Color;Ljava/awt/image/ImageObserver;)Z
J  sun.java2d.pipe.ValidatePipe.copyImage(Lsun/java2d/SunGraphics2D;Ljava/awt/Image;IIIIIILjava/awt/Color;Ljava/awt/image/ImageObserver;)Z
J  sun.java2d.SunGraphics2D.copyImage(Ljava/awt/Image;IIIIIILjava/awt/Color;Ljava/awt/image/ImageObserver;)Z
J  sun.java2d.SunGraphics2D.drawImage(Ljava/awt/Image;IIIIIIIILjava/awt/Color;Ljava/awt/image/ImageObserver;)Z
J  sun.java2d.SunGraphics2D.drawImage(Ljava/awt/Image;IIIIIIIILjava/awt/image/ImageObserver;)Z
J  java.awt.Component$BltBufferStrategy.showSubRegion(IIII)V
J  javax.swing.BufferStrategyPaintManager.flushAccumulatedRegion()Z
J  javax.swing.BufferStrategyPaintManager.endPaint()V
J  javax.swing.RepaintManager.endPaint()V
J  javax.swing.JComponent._paintImmediately(IIII)V
J  javax.swing.JComponent.paintImmediately(IIII)V
J  javax.swing.RepaintManager.paintDirtyRegions(Ljava/util/Map;)V
J  javax.swing.RepaintManager.paintDirtyRegions()V
J  javax.swing.RepaintManager.seqPaintDirtyRegions()V
J  javax.swing.SystemEventQueueUtilities$ComponentWorkRequest.run()V
J  java.awt.event.InvocationEvent.dispatch()V
J  java.awt.EventQueue.dispatchEvent(Ljava/awt/AWTEvent;)V
J  java.awt.EventDispatchThread.pumpOneEventForFilters(I)Z
J  java.awt.EventDispatchThread.pumpEventsForFilter(ILjava/awt/Conditional;Ljava/awt/EventFilter;)V
j  java.awt.EventDispatchThread.pumpEventsForFilter(Ljava/awt/Conditional;Ljava/awt/EventFilter;)V+4
j  java.awt.Dialog$1.run()V+23
j  java.awt.Dialog$3.run()Ljava/lang/Object;+4
v  ~StubRoutines::call_stub
j  java.security.AccessController.doPrivileged(Ljava/security/PrivilegedAction;)Ljava/lang/Object;+0
j  java.awt.Dialog.show()V+223
j  java.awt.Component.show(Z)V+5
j  java.awt.Component.setVisible(Z)V+2
j  java.awt.Window.setVisible(Z)V+2
j  java.awt.Dialog.setVisible(Z)V+2
j  babelsObjects.FormsFactory$1.run()V+107
j  java.awt.event.InvocationEvent.dispatch()V+47
j  java.awt.EventQueue.dispatchEvent(Ljava/awt/AWTEvent;)V+26
j  java.awt.EventDispatchThread.pumpOneEventForFilters(I)Z+156
j  java.awt.EventDispatchThread.pumpEventsForFilter(ILjava/awt/Conditional;Ljava/awt/EventFilter;)V+30
j  java.awt.EventDispatchThread.pumpEventsForHierarchy(ILjava/awt/Conditional;Ljava/awt/Component;)V+11
j  java.awt.EventDispatchThread.pumpEvents(ILjava/awt/Conditional;)V+4
j  java.awt.EventDispatchThread.pumpEvents(Ljava/awt/Conditional;)V+3
j  java.awt.EventDispatchThread.run()V+9
v  ~StubRoutines::call_stub

---------------  P R O C E S S  ---------------

Java Threads: ( => current thread )
  0x04e96c00 JavaThread "TimerQueue" daemon [_thread_blocked, id=8168]
  0x04e96400 JavaThread "DestroyJavaVM" [_thread_blocked, id=8836]
=>0x04d18000 JavaThread "AWT-EventQueue-0" [_thread_in_native, id=8752]
  0x04c83400 JavaThread "SyntheticaCleanerThread" daemon [_thread_blocked, id=8776]
  0x04c3bc00 JavaThread "AWT-Windows" daemon [_thread_in_native, id=8824]
  0x04c3b400 JavaThread "AWT-Shutdown" [_thread_blocked, id=8816]
  0x04c3b000 JavaThread "Java2D Disposer" daemon [_thread_blocked, id=8792]
  0x0247d800 JavaThread "Low Memory Detector" daemon [_thread_blocked, id=8888]
  0x0247b000 JavaThread "CompilerThread0" daemon [_thread_blocked, id=8672]
  0x0247a800 JavaThread "Attach Listener" daemon [_thread_blocked, id=7260]
  0x0247a000 JavaThread "Signal Dispatcher" daemon [_thread_blocked, id=8876]
  0x0243d000 JavaThread "Finalizer" daemon [_thread_blocked, id=8872]
  0x02434400 JavaThread "Reference Handler" daemon [_thread_blocked, id=8048]

Other Threads:
  0x0242b000 VMThread [id=8256]
  0x0247e400 WatcherThread [id=8780]

VM state:not at safepoint (normal execution)

VM Mutex/Monitor currently owned by a thread: None

Heap
 def new generation   total 4416K, used 1399K [0x24600000, 0x24ac0000, 0x24ae0000)
  eden space 3968K,  35% used [0x24600000, 0x2475d290, 0x249e0000)
  from space 448K,   0% used [0x249e0000, 0x249e09b0, 0x24a50000)
  to   space 448K,   0% used [0x24a50000, 0x24a50000, 0x24ac0000)
 tenured generation   total 57592K, used 42263K [0x24ae0000, 0x2831e000, 0x28600000)
   the space 57592K,  73% used [0x24ae0000, 0x27425dc8, 0x27425e00, 0x2831e000)
 compacting perm gen  total 12288K, used 8209K [0x28600000, 0x29200000, 0x2c600000)
   the space 12288K,  66% used [0x28600000, 0x28e047f0, 0x28e04800, 0x29200000)
    ro space 8192K,  66% used [0x2c600000, 0x2cb49920, 0x2cb49a00, 0x2ce00000)
    rw space 12288K,  52% used [0x2ce00000, 0x2d446130, 0x2d446200, 0x2da00000)

Dynamic libraries:
0x00400000 - 0x00423000 	C:\Program Files (x86)\Java\jdk1.6.0\bin\java.exe
0x76eb0000 - 0x77030000 	C:\windows\SysWOW64\ntdll.dll
0x764e0000 - 0x765f0000 	C:\windows\syswow64\kernel32.dll
0x74840000 - 0x74886000 	C:\windows\syswow64\KERNELBASE.dll
0x74700000 - 0x747a0000 	C:\windows\syswow64\ADVAPI32.dll
0x762a0000 - 0x7634c000 	C:\windows\syswow64\msvcrt.dll
0x750f0000 - 0x75109000 	C:\windows\SysWOW64\sechost.dll
0x748a0000 - 0x74990000 	C:\windows\syswow64\RPCRT4.dll
0x74590000 - 0x745f0000 	C:\windows\syswow64\SspiCli.dll
0x74580000 - 0x7458c000 	C:\windows\syswow64\CRYPTBASE.dll
0x7c340000 - 0x7c396000 	C:\Program Files (x86)\Java\jdk1.6.0\jre\bin\msvcr71.dll
0x6d7c0000 - 0x6da07000 	C:\Program Files (x86)\Java\jdk1.6.0\jre\bin\client\jvm.dll
0x74fe0000 - 0x750e0000 	C:\windows\syswow64\USER32.dll
0x74e40000 - 0x74ed0000 	C:\windows\syswow64\GDI32.dll
0x74890000 - 0x7489a000 	C:\windows\syswow64\LPK.dll
0x747a0000 - 0x7483d000 	C:\windows\syswow64\USP10.dll
0x713e0000 - 0x71412000 	C:\windows\system32\WINMM.dll
0x76480000 - 0x764e0000 	C:\windows\system32\IMM32.DLL
0x753c0000 - 0x7548c000 	C:\windows\syswow64\MSCTF.dll
0x71430000 - 0x7147c000 	C:\windows\system32\apphelp.dll
0x6d310000 - 0x6d318000 	C:\Program Files (x86)\Java\jdk1.6.0\jre\bin\hpi.dll
0x750e0000 - 0x750e5000 	C:\windows\syswow64\PSAPI.DLL
0x6d770000 - 0x6d77c000 	C:\Program Files (x86)\Java\jdk1.6.0\jre\bin\verify.dll
0x6d3b0000 - 0x6d3cf000 	C:\Program Files (x86)\Java\jdk1.6.0\jre\bin\java.dll
0x6d7b0000 - 0x6d7bf000 	C:\Program Files (x86)\Java\jdk1.6.0\jre\bin\zip.dll
0x6d000000 - 0x6d1c3000 	C:\Program Files (x86)\Java\jdk1.6.0\jre\bin\awt.dll
0x6c450000 - 0x6c4a1000 	C:\windows\system32\WINSPOOL.DRV
0x74c50000 - 0x74dac000 	C:\windows\syswow64\ole32.dll
0x6e860000 - 0x6e8e0000 	C:\windows\system32\uxtheme.dll
0x10000000 - 0x1000a000 	C:\Program Files (x86)\SweetIM\Messenger\mgAdaptersProxy.dll
0x74db0000 - 0x74e07000 	C:\windows\syswow64\SHLWAPI.dll
0x732f0000 - 0x73303000 	C:\windows\system32\dwmapi.dll
0x75490000 - 0x760da000 	C:\windows\syswow64\shell32.dll
0x6d2b0000 - 0x6d303000 	C:\Program Files (x86)\Java\jdk1.6.0\jre\bin\fontmanager.dll
0x6d570000 - 0x6d583000 	C:\Program Files (x86)\Java\jdk1.6.0\jre\bin\net.dll
0x76110000 - 0x76145000 	C:\windows\syswow64\WS2_32.dll
0x75110000 - 0x75116000 	C:\windows\syswow64\NSI.dll
0x713a0000 - 0x713dc000 	C:\windows\system32\mswsock.dll
0x6fb90000 - 0x6fb96000 	C:\windows\System32\wship6.dll
0x6d590000 - 0x6d599000 	C:\Program Files (x86)\Java\jdk1.6.0\jre\bin\nio.dll
0x71390000 - 0x71395000 	C:\windows\System32\wshtcpip.dll
0x70f90000 - 0x70fd4000 	C:\windows\system32\DNSAPI.dll
0x70f50000 - 0x70f77000 	C:\Program Files (x86)\Common Files\Microsoft Shared\Windows Live\WLIDNSP.DLL
0x70f30000 - 0x70f4c000 	C:\windows\system32\IPHLPAPI.DLL
0x70f20000 - 0x70f27000 	C:\windows\system32\WINNSI.DLL
0x6c180000 - 0x6c186000 	C:\windows\system32\rasadhlp.dll
0x6fb30000 - 0x6fb68000 	C:\windows\System32\fwpuclnt.dll
0x6d1f0000 - 0x6d21f000 	C:\Program Files (x86)\Java\jdk1.6.0\jre\bin\cmm.dll
0x6d450000 - 0x6d474000 	C:\Program Files (x86)\Java\jdk1.6.0\jre\bin\jpeg.dll
0x6d220000 - 0x6d243000 	C:\Program Files (x86)\Java\jdk1.6.0\jre\bin\dcpr.dll
0x75330000 - 0x753bf000 	C:\windows\syswow64\OLEAUT32.DLL

VM Arguments:
jvm_args: -Dfile.encoding=UTF-8
java_command: babels.Babels
Launcher Type: SUN_STANDARD

Environment Variables:
PATH=C:\Program Files\Common Files\Microsoft Shared\Windows Live;C:\Program Files (x86)\Common Files\Microsoft Shared\Windows Live;C:\windows\system32;C:\windows;C:\windows\System32\Wbem;C:\windows\System32\WindowsPowerShell\v1.0\;C:\Program Files (x86)\Windows Live\Shared
USERNAME=Marito
OS=Windows_NT
PROCESSOR_IDENTIFIER=Intel64 Family 6 Model 23 Stepping 10, GenuineIntel



---------------  S Y S T E M  ---------------

OS: Windows NT 6.1 Build 7601 Service Pack 1

CPU:total 2 family 6, cmov, cx8, fxsr, mmx, sse, sse2

Memory: 4k page, physical 4158644k(933384k free), swap 4194303k(3177376k free)

vm_info: Java HotSpot(TM) Client VM (1.6.0-b105) for windows-x86, built on Nov 29 2006 00:48:48 by "java_re" with unknown MS VC++:1310

